<?xml version="1.0" encoding="UTF-8"?>
<!-- Generated by org.testng.reporters.JUnitReportReporter -->
<testsuite hostname="DESKTOP-JLJHT6P" failures="0" tests="2" name="swatimishra.ExtentReports.ExtentReportsDemo" time="13.502" errors="0" timestamp="2023-11-30T21:45:51 IST" skipped="0">
  <testcase classname="swatimishra.ExtentReports.ExtentReportsDemo" name="testlink" time="6.454"/>
  <testcase classname="swatimishra.ExtentReports.ExtentReportsDemo" name="initialDemo" time="7.048"/>
</testsuite> <!-- swatimishra.ExtentReports.ExtentReportsDemo -->
